2023-04-30 21:50:31 LogWrapper init() ./logs/EUR_CHF.log
2023-04-30 21:50:31 {'n_ma': 12, 'n_std': 2.5, 'maxspread': 0.0004, 'mingain': 0.0014, 'riskreward': 1.5}
2023-04-30 21:50:31 CandleManager() init last_candle:last_candle:23-05-01 01:49 is_ready:False
2023-04-30 21:51:02 CandleManager() new candle:last_candle:23-05-01 01:50 is_ready:True
2023-04-30 21:51:02 tech_manager: max_rows:33 candle_time:2023-05-01 01:50:00+00:00 granularity:M1
2023-04-30 21:51:02 process candles:
       PAIR                      time    mid_c    mid_o   SL   TP   SPREAD      GAIN     LOSS  SIGNAL
27  EUR_CHF 2023-05-01 01:46:00+00:00  0.98488  0.98487  0.0  0.0  0.00020  0.000003  0.98488       0
28  EUR_CHF 2023-05-01 01:47:00+00:00  0.98488  0.98488  0.0  0.0  0.00019  0.000007  0.98488       0
29  EUR_CHF 2023-05-01 01:48:00+00:00  0.98479  0.98484  0.0  0.0  0.00018  0.000078  0.98479       0
30  EUR_CHF 2023-05-01 01:49:00+00:00  0.98479  0.98480  0.0  0.0  0.00018  0.000069  0.98479       0
31  EUR_CHF 2023-05-01 01:50:00+00:00  0.98478  0.98479  0.0  0.0  0.00020  0.000069  0.98478       0
2023-04-30 21:52:04 CandleManager() new candle:last_candle:23-05-01 01:51 is_ready:True
2023-04-30 21:52:04 tech_manager: max_rows:33 candle_time:2023-05-01 01:51:00+00:00 granularity:M1
2023-04-30 21:52:04 process candles:
       PAIR                      time    mid_c    mid_o   SL   TP   SPREAD      GAIN     LOSS  SIGNAL
27  EUR_CHF 2023-05-01 01:47:00+00:00  0.98488  0.98488  0.0  0.0  0.00019  0.000007  0.98488       0
28  EUR_CHF 2023-05-01 01:48:00+00:00  0.98479  0.98484  0.0  0.0  0.00018  0.000078  0.98479       0
29  EUR_CHF 2023-05-01 01:49:00+00:00  0.98479  0.98480  0.0  0.0  0.00018  0.000069  0.98479       0
30  EUR_CHF 2023-05-01 01:50:00+00:00  0.98478  0.98479  0.0  0.0  0.00020  0.000069  0.98478       0
31  EUR_CHF 2023-05-01 01:51:00+00:00  0.98479  0.98477  0.0  0.0  0.00020  0.000054  0.98479       0
2023-04-30 21:53:06 CandleManager() new candle:last_candle:23-05-01 01:52 is_ready:True
2023-04-30 21:53:06 tech_manager: max_rows:33 candle_time:2023-05-01 01:52:00+00:00 granularity:M1
2023-04-30 21:53:06 process candles:
       PAIR                      time    mid_c    mid_o   SL   TP   SPREAD      GAIN     LOSS  SIGNAL
27  EUR_CHF 2023-05-01 01:48:00+00:00  0.98479  0.98484  0.0  0.0  0.00018  0.000078  0.98479       0
28  EUR_CHF 2023-05-01 01:49:00+00:00  0.98479  0.98480  0.0  0.0  0.00018  0.000069  0.98479       0
29  EUR_CHF 2023-05-01 01:50:00+00:00  0.98478  0.98479  0.0  0.0  0.00020  0.000069  0.98478       0
30  EUR_CHF 2023-05-01 01:51:00+00:00  0.98479  0.98477  0.0  0.0  0.00020  0.000054  0.98479       0
31  EUR_CHF 2023-05-01 01:52:00+00:00  0.98477  0.98480  0.0  0.0  0.00018  0.000067  0.98477       0
2023-04-30 21:54:08 CandleManager() new candle:last_candle:23-05-01 01:53 is_ready:True
2023-04-30 21:54:08 tech_manager: max_rows:33 candle_time:2023-05-01 01:53:00+00:00 granularity:M1
2023-04-30 21:54:08 process candles:
       PAIR                      time    mid_c    mid_o   SL   TP   SPREAD      GAIN     LOSS  SIGNAL
27  EUR_CHF 2023-05-01 01:49:00+00:00  0.98479  0.98480  0.0  0.0  0.00018  0.000069  0.98479       0
28  EUR_CHF 2023-05-01 01:50:00+00:00  0.98478  0.98479  0.0  0.0  0.00020  0.000069  0.98478       0
29  EUR_CHF 2023-05-01 01:51:00+00:00  0.98479  0.98477  0.0  0.0  0.00020  0.000054  0.98479       0
30  EUR_CHF 2023-05-01 01:52:00+00:00  0.98477  0.98480  0.0  0.0  0.00018  0.000067  0.98477       0
31  EUR_CHF 2023-05-01 01:53:00+00:00  0.98484  0.98478  0.0  0.0  0.00017  0.000006  0.98484       0
2023-04-30 21:55:10 CandleManager() new candle:last_candle:23-05-01 01:54 is_ready:True
2023-04-30 21:55:10 tech_manager: max_rows:33 candle_time:2023-05-01 01:54:00+00:00 granularity:M1
2023-04-30 21:55:10 process candles:
       PAIR                      time    mid_c    mid_o   SL   TP   SPREAD      GAIN     LOSS  SIGNAL
27  EUR_CHF 2023-05-01 01:50:00+00:00  0.98478  0.98479  0.0  0.0  0.00020  0.000069  0.98478       0
28  EUR_CHF 2023-05-01 01:51:00+00:00  0.98479  0.98477  0.0  0.0  0.00020  0.000054  0.98479       0
29  EUR_CHF 2023-05-01 01:52:00+00:00  0.98477  0.98480  0.0  0.0  0.00018  0.000067  0.98477       0
30  EUR_CHF 2023-05-01 01:53:00+00:00  0.98484  0.98478  0.0  0.0  0.00017  0.000006  0.98484       0
31  EUR_CHF 2023-05-01 01:54:00+00:00  0.98484  0.98483  0.0  0.0  0.00020  0.000008  0.98484       0
2023-04-30 21:56:01 CandleManager() new candle:last_candle:23-05-01 01:55 is_ready:True
2023-04-30 21:56:01 tech_manager: max_rows:33 candle_time:2023-05-01 01:55:00+00:00 granularity:M1
2023-04-30 21:56:01 process candles:
       PAIR                      time    mid_c    mid_o   SL   TP   SPREAD      GAIN     LOSS  SIGNAL
27  EUR_CHF 2023-05-01 01:51:00+00:00  0.98479  0.98477  0.0  0.0  0.00020  0.000054  0.98479       0
28  EUR_CHF 2023-05-01 01:52:00+00:00  0.98477  0.98480  0.0  0.0  0.00018  0.000067  0.98477       0
29  EUR_CHF 2023-05-01 01:53:00+00:00  0.98484  0.98478  0.0  0.0  0.00017  0.000006  0.98484       0
30  EUR_CHF 2023-05-01 01:54:00+00:00  0.98484  0.98483  0.0  0.0  0.00020  0.000008  0.98484       0
31  EUR_CHF 2023-05-01 01:55:00+00:00  0.98479  0.98480  0.0  0.0  0.00018  0.000038  0.98479       0
2023-04-30 21:57:03 CandleManager() new candle:last_candle:23-05-01 01:56 is_ready:True
2023-04-30 21:57:03 tech_manager: max_rows:33 candle_time:2023-05-01 01:56:00+00:00 granularity:M1
2023-04-30 21:57:03 process candles:
       PAIR                      time    mid_c    mid_o   SL   TP   SPREAD      GAIN     LOSS  SIGNAL
27  EUR_CHF 2023-05-01 01:52:00+00:00  0.98477  0.98480  0.0  0.0  0.00018  0.000067  0.98477       0
28  EUR_CHF 2023-05-01 01:53:00+00:00  0.98484  0.98478  0.0  0.0  0.00017  0.000006  0.98484       0
29  EUR_CHF 2023-05-01 01:54:00+00:00  0.98484  0.98483  0.0  0.0  0.00020  0.000008  0.98484       0
30  EUR_CHF 2023-05-01 01:55:00+00:00  0.98479  0.98480  0.0  0.0  0.00018  0.000038  0.98479       0
31  EUR_CHF 2023-05-01 01:56:00+00:00  0.98478  0.98479  0.0  0.0  0.00019  0.000040  0.98478       0
2023-04-30 21:58:05 CandleManager() new candle:last_candle:23-05-01 01:57 is_ready:True
2023-04-30 21:58:05 tech_manager: max_rows:33 candle_time:2023-05-01 01:57:00+00:00 granularity:M1
2023-04-30 21:58:05 process candles:
       PAIR                      time    mid_c    mid_o   SL   TP   SPREAD      GAIN     LOSS  SIGNAL
27  EUR_CHF 2023-05-01 01:53:00+00:00  0.98484  0.98478  0.0  0.0  0.00017  0.000006  0.98484       0
28  EUR_CHF 2023-05-01 01:54:00+00:00  0.98484  0.98483  0.0  0.0  0.00020  0.000008  0.98484       0
29  EUR_CHF 2023-05-01 01:55:00+00:00  0.98479  0.98480  0.0  0.0  0.00018  0.000038  0.98479       0
30  EUR_CHF 2023-05-01 01:56:00+00:00  0.98478  0.98479  0.0  0.0  0.00019  0.000040  0.98478       0
31  EUR_CHF 2023-05-01 01:57:00+00:00  0.98476  0.98476  0.0  0.0  0.00021  0.000050  0.98476       0
2023-04-30 21:59:07 CandleManager() new candle:last_candle:23-05-01 01:58 is_ready:True
2023-04-30 21:59:07 tech_manager: max_rows:33 candle_time:2023-05-01 01:58:00+00:00 granularity:M1
2023-04-30 21:59:07 process candles:
       PAIR                      time    mid_c    mid_o   SL   TP   SPREAD      GAIN     LOSS  SIGNAL
27  EUR_CHF 2023-05-01 01:54:00+00:00  0.98484  0.98483  0.0  0.0  0.00020  0.000008  0.98484       0
28  EUR_CHF 2023-05-01 01:55:00+00:00  0.98479  0.98480  0.0  0.0  0.00018  0.000038  0.98479       0
29  EUR_CHF 2023-05-01 01:56:00+00:00  0.98478  0.98479  0.0  0.0  0.00019  0.000040  0.98478       0
30  EUR_CHF 2023-05-01 01:57:00+00:00  0.98476  0.98476  0.0  0.0  0.00021  0.000050  0.98476       0
31  EUR_CHF 2023-05-01 01:58:00+00:00  0.98476  0.98477  0.0  0.0  0.00020  0.000039  0.98476       0
2023-04-30 22:00:09 CandleManager() new candle:last_candle:23-05-01 01:59 is_ready:True
2023-04-30 22:00:09 tech_manager: max_rows:33 candle_time:2023-05-01 01:59:00+00:00 granularity:M1
2023-04-30 22:00:09 process candles:
       PAIR                      time    mid_c    mid_o   SL   TP   SPREAD      GAIN     LOSS  SIGNAL
27  EUR_CHF 2023-05-01 01:55:00+00:00  0.98479  0.98480  0.0  0.0  0.00018  0.000038  0.98479       0
28  EUR_CHF 2023-05-01 01:56:00+00:00  0.98478  0.98479  0.0  0.0  0.00019  0.000040  0.98478       0
29  EUR_CHF 2023-05-01 01:57:00+00:00  0.98476  0.98476  0.0  0.0  0.00021  0.000050  0.98476       0
30  EUR_CHF 2023-05-01 01:58:00+00:00  0.98476  0.98477  0.0  0.0  0.00020  0.000039  0.98476       0
31  EUR_CHF 2023-05-01 01:59:00+00:00  0.98474  0.98476  0.0  0.0  0.00021  0.000048  0.98474       0
2023-04-30 22:01:00 CandleManager() new candle:last_candle:23-05-01 02:00 is_ready:True
2023-04-30 22:01:00 tech_manager: max_rows:33 candle_time:2023-05-01 02:00:00+00:00 granularity:M1
2023-04-30 22:01:01 process candles:
       PAIR                      time    mid_c    mid_o   SL   TP   SPREAD      GAIN     LOSS  SIGNAL
27  EUR_CHF 2023-05-01 01:56:00+00:00  0.98478  0.98479  0.0  0.0  0.00019  0.000040  0.98478       0
28  EUR_CHF 2023-05-01 01:57:00+00:00  0.98476  0.98476  0.0  0.0  0.00021  0.000050  0.98476       0
29  EUR_CHF 2023-05-01 01:58:00+00:00  0.98476  0.98477  0.0  0.0  0.00020  0.000039  0.98476       0
30  EUR_CHF 2023-05-01 01:59:00+00:00  0.98474  0.98476  0.0  0.0  0.00021  0.000048  0.98474       0
31  EUR_CHF 2023-05-01 02:00:00+00:00  0.98472  0.98474  0.0  0.0  0.00019  0.000061  0.98472       0
2023-04-30 22:02:02 CandleManager() new candle:last_candle:23-05-01 02:01 is_ready:True
2023-04-30 22:02:02 tech_manager: max_rows:33 candle_time:2023-05-01 02:01:00+00:00 granularity:M1
2023-04-30 22:02:02 process candles:
       PAIR                      time    mid_c    mid_o   SL   TP   SPREAD      GAIN     LOSS  SIGNAL
27  EUR_CHF 2023-05-01 01:57:00+00:00  0.98476  0.98476  0.0  0.0  0.00021  0.000050  0.98476       0
28  EUR_CHF 2023-05-01 01:58:00+00:00  0.98476  0.98477  0.0  0.0  0.00020  0.000039  0.98476       0
29  EUR_CHF 2023-05-01 01:59:00+00:00  0.98474  0.98476  0.0  0.0  0.00021  0.000048  0.98474       0
30  EUR_CHF 2023-05-01 02:00:00+00:00  0.98472  0.98474  0.0  0.0  0.00019  0.000061  0.98472       0
31  EUR_CHF 2023-05-01 02:01:00+00:00  0.98470  0.98472  0.0  0.0  0.00021  0.000074  0.98470       0
