2023-04-30 21:50:31 LogWrapper init() ./logs/EUR_GBP.log
2023-04-30 21:50:31 {'n_ma': 12, 'n_std': 2.5, 'maxspread': 0.0004, 'mingain': 0.0014, 'riskreward': 1.5}
2023-04-30 21:50:31 CandleManager() init last_candle:last_candle:23-05-01 01:49 is_ready:False
2023-04-30 21:51:02 CandleManager() new candle:last_candle:23-05-01 01:50 is_ready:True
2023-04-30 21:51:02 tech_manager: max_rows:33 candle_time:2023-05-01 01:50:00+00:00 granularity:M1
2023-04-30 21:51:02 process candles:
       PAIR                      time    mid_c    mid_o   SL   TP   SPREAD      GAIN     LOSS  SIGNAL
27  EUR_GBP 2023-05-01 01:46:00+00:00  0.87641  0.87642  0.0  0.0  0.00016  0.000018  0.87641       0
28  EUR_GBP 2023-05-01 01:47:00+00:00  0.87636  0.87643  0.0  0.0  0.00017  0.000069  0.87636       0
29  EUR_GBP 2023-05-01 01:48:00+00:00  0.87632  0.87636  0.0  0.0  0.00015  0.000107  0.87632       0
30  EUR_GBP 2023-05-01 01:49:00+00:00  0.87630  0.87631  0.0  0.0  0.00015  0.000119  0.87630       0
31  EUR_GBP 2023-05-01 01:50:00+00:00  0.87632  0.87631  0.0  0.0  0.00012  0.000090  0.87632       0
2023-04-30 21:52:14 CandleManager() new candle:last_candle:23-05-01 01:51 is_ready:True
2023-04-30 21:52:14 tech_manager: max_rows:33 candle_time:2023-05-01 01:51:00+00:00 granularity:M1
2023-04-30 21:52:15 process candles:
       PAIR                      time    mid_c    mid_o   SL   TP   SPREAD      GAIN     LOSS  SIGNAL
27  EUR_GBP 2023-05-01 01:47:00+00:00  0.87636  0.87643  0.0  0.0  0.00017  0.000069  0.87636       0
28  EUR_GBP 2023-05-01 01:48:00+00:00  0.87632  0.87636  0.0  0.0  0.00015  0.000107  0.87632       0
29  EUR_GBP 2023-05-01 01:49:00+00:00  0.87630  0.87631  0.0  0.0  0.00015  0.000119  0.87630       0
30  EUR_GBP 2023-05-01 01:50:00+00:00  0.87632  0.87631  0.0  0.0  0.00012  0.000090  0.87632       0
31  EUR_GBP 2023-05-01 01:51:00+00:00  0.87635  0.87633  0.0  0.0  0.00014  0.000054  0.87635       0
2023-04-30 21:53:06 CandleManager() new candle:last_candle:23-05-01 01:52 is_ready:True
2023-04-30 21:53:06 tech_manager: max_rows:33 candle_time:2023-05-01 01:52:00+00:00 granularity:M1
2023-04-30 21:53:06 process candles:
       PAIR                      time    mid_c    mid_o   SL   TP   SPREAD      GAIN     LOSS  SIGNAL
27  EUR_GBP 2023-05-01 01:48:00+00:00  0.87632  0.87636  0.0  0.0  0.00015  0.000107  0.87632       0
28  EUR_GBP 2023-05-01 01:49:00+00:00  0.87630  0.87631  0.0  0.0  0.00015  0.000119  0.87630       0
29  EUR_GBP 2023-05-01 01:50:00+00:00  0.87632  0.87631  0.0  0.0  0.00012  0.000090  0.87632       0
30  EUR_GBP 2023-05-01 01:51:00+00:00  0.87635  0.87633  0.0  0.0  0.00014  0.000054  0.87635       0
31  EUR_GBP 2023-05-01 01:52:00+00:00  0.87639  0.87636  0.0  0.0  0.00014  0.000008  0.87639       0
2023-04-30 21:54:08 CandleManager() new candle:last_candle:23-05-01 01:53 is_ready:True
2023-04-30 21:54:08 tech_manager: max_rows:33 candle_time:2023-05-01 01:53:00+00:00 granularity:M1
2023-04-30 21:54:08 process candles:
       PAIR                      time    mid_c    mid_o   SL   TP   SPREAD      GAIN     LOSS  SIGNAL
27  EUR_GBP 2023-05-01 01:49:00+00:00  0.87630  0.87631  0.0  0.0  0.00015  0.000119  0.87630       0
28  EUR_GBP 2023-05-01 01:50:00+00:00  0.87632  0.87631  0.0  0.0  0.00012  0.000090  0.87632       0
29  EUR_GBP 2023-05-01 01:51:00+00:00  0.87635  0.87633  0.0  0.0  0.00014  0.000054  0.87635       0
30  EUR_GBP 2023-05-01 01:52:00+00:00  0.87639  0.87636  0.0  0.0  0.00014  0.000008  0.87639       0
31  EUR_GBP 2023-05-01 01:53:00+00:00  0.87636  0.87638  0.0  0.0  0.00014  0.000029  0.87636       0
2023-04-30 21:55:10 CandleManager() new candle:last_candle:23-05-01 01:54 is_ready:True
2023-04-30 21:55:10 tech_manager: max_rows:33 candle_time:2023-05-01 01:54:00+00:00 granularity:M1
2023-04-30 21:55:10 process candles:
       PAIR                      time    mid_c    mid_o   SL   TP   SPREAD      GAIN     LOSS  SIGNAL
27  EUR_GBP 2023-05-01 01:50:00+00:00  0.87632  0.87631  0.0  0.0  0.00012  0.000090  0.87632       0
28  EUR_GBP 2023-05-01 01:51:00+00:00  0.87635  0.87633  0.0  0.0  0.00014  0.000054  0.87635       0
29  EUR_GBP 2023-05-01 01:52:00+00:00  0.87639  0.87636  0.0  0.0  0.00014  0.000008  0.87639       0
30  EUR_GBP 2023-05-01 01:53:00+00:00  0.87636  0.87638  0.0  0.0  0.00014  0.000029  0.87636       0
31  EUR_GBP 2023-05-01 01:54:00+00:00  0.87620  0.87637  0.0  0.0  0.00014  0.000172  0.87620       0
2023-04-30 21:56:12 CandleManager() new candle:last_candle:23-05-01 01:55 is_ready:True
2023-04-30 21:56:12 tech_manager: max_rows:33 candle_time:2023-05-01 01:55:00+00:00 granularity:M1
2023-04-30 21:56:12 process candles:
       PAIR                      time    mid_c    mid_o   SL   TP   SPREAD      GAIN     LOSS  SIGNAL
27  EUR_GBP 2023-05-01 01:51:00+00:00  0.87635  0.87633  0.0  0.0  0.00014  0.000054  0.87635       0
28  EUR_GBP 2023-05-01 01:52:00+00:00  0.87639  0.87636  0.0  0.0  0.00014  0.000008  0.87639       0
29  EUR_GBP 2023-05-01 01:53:00+00:00  0.87636  0.87638  0.0  0.0  0.00014  0.000029  0.87636       0
30  EUR_GBP 2023-05-01 01:54:00+00:00  0.87620  0.87637  0.0  0.0  0.00014  0.000172  0.87620       0
31  EUR_GBP 2023-05-01 01:55:00+00:00  0.87622  0.87620  0.0  0.0  0.00013  0.000132  0.87622       0
2023-04-30 21:57:03 CandleManager() new candle:last_candle:23-05-01 01:56 is_ready:True
2023-04-30 21:57:03 tech_manager: max_rows:33 candle_time:2023-05-01 01:56:00+00:00 granularity:M1
2023-04-30 21:57:04 process candles:
       PAIR                      time    mid_c    mid_o   SL   TP   SPREAD      GAIN     LOSS  SIGNAL
27  EUR_GBP 2023-05-01 01:52:00+00:00  0.87639  0.87636  0.0  0.0  0.00014  0.000008  0.87639       0
28  EUR_GBP 2023-05-01 01:53:00+00:00  0.87636  0.87638  0.0  0.0  0.00014  0.000029  0.87636       0
29  EUR_GBP 2023-05-01 01:54:00+00:00  0.87620  0.87637  0.0  0.0  0.00014  0.000172  0.87620       0
30  EUR_GBP 2023-05-01 01:55:00+00:00  0.87622  0.87620  0.0  0.0  0.00013  0.000132  0.87622       0
31  EUR_GBP 2023-05-01 01:56:00+00:00  0.87628  0.87622  0.0  0.0  0.00014  0.000056  0.87628       0
2023-04-30 21:58:05 CandleManager() new candle:last_candle:23-05-01 01:57 is_ready:True
2023-04-30 21:58:05 tech_manager: max_rows:33 candle_time:2023-05-01 01:57:00+00:00 granularity:M1
2023-04-30 21:58:05 process candles:
       PAIR                      time    mid_c    mid_o   SL   TP   SPREAD      GAIN     LOSS  SIGNAL
28  EUR_GBP 2023-05-01 01:53:00+00:00  0.87636  0.87638  0.0  0.0  0.00014  0.000029  0.87636       0
29  EUR_GBP 2023-05-01 01:54:00+00:00  0.87620  0.87637  0.0  0.0  0.00014  0.000172  0.87620       0
30  EUR_GBP 2023-05-01 01:55:00+00:00  0.87622  0.87620  0.0  0.0  0.00013  0.000132  0.87622       0
31  EUR_GBP 2023-05-01 01:56:00+00:00  0.87628  0.87622  0.0  0.0  0.00014  0.000056  0.87628       0
32  EUR_GBP 2023-05-01 01:57:00+00:00  0.87630  0.87626  0.0  0.0  0.00015  0.000023  0.87630       0
2023-04-30 21:59:07 CandleManager() new candle:last_candle:23-05-01 01:58 is_ready:True
2023-04-30 21:59:07 tech_manager: max_rows:33 candle_time:2023-05-01 01:58:00+00:00 granularity:M1
2023-04-30 21:59:07 process candles:
       PAIR                      time    mid_c    mid_o   SL   TP   SPREAD      GAIN     LOSS  SIGNAL
27  EUR_GBP 2023-05-01 01:54:00+00:00  0.87620  0.87637  0.0  0.0  0.00014  0.000172  0.87620       0
28  EUR_GBP 2023-05-01 01:55:00+00:00  0.87622  0.87620  0.0  0.0  0.00013  0.000132  0.87622       0
29  EUR_GBP 2023-05-01 01:56:00+00:00  0.87628  0.87622  0.0  0.0  0.00014  0.000056  0.87628       0
30  EUR_GBP 2023-05-01 01:57:00+00:00  0.87630  0.87626  0.0  0.0  0.00015  0.000023  0.87630       0
31  EUR_GBP 2023-05-01 01:58:00+00:00  0.87624  0.87628  0.0  0.0  0.00013  0.000070  0.87624       0
2023-04-30 22:00:09 CandleManager() new candle:last_candle:23-05-01 01:59 is_ready:True
2023-04-30 22:00:09 tech_manager: max_rows:33 candle_time:2023-05-01 01:59:00+00:00 granularity:M1
2023-04-30 22:00:09 process candles:
       PAIR                      time    mid_c    mid_o   SL   TP   SPREAD      GAIN     LOSS  SIGNAL
27  EUR_GBP 2023-05-01 01:55:00+00:00  0.87622  0.87620  0.0  0.0  0.00013  0.000132  0.87622       0
28  EUR_GBP 2023-05-01 01:56:00+00:00  0.87628  0.87622  0.0  0.0  0.00014  0.000056  0.87628       0
29  EUR_GBP 2023-05-01 01:57:00+00:00  0.87630  0.87626  0.0  0.0  0.00015  0.000023  0.87630       0
30  EUR_GBP 2023-05-01 01:58:00+00:00  0.87624  0.87628  0.0  0.0  0.00013  0.000070  0.87624       0
31  EUR_GBP 2023-05-01 01:59:00+00:00  0.87617  0.87624  0.0  0.0  0.00014  0.000124  0.87617       0
2023-04-30 22:01:11 CandleManager() new candle:last_candle:23-05-01 02:00 is_ready:True
2023-04-30 22:01:11 tech_manager: max_rows:33 candle_time:2023-05-01 02:00:00+00:00 granularity:M1
2023-04-30 22:01:11 process candles:
       PAIR                      time    mid_c    mid_o   SL   TP   SPREAD      GAIN     LOSS  SIGNAL
27  EUR_GBP 2023-05-01 01:56:00+00:00  0.87628  0.87622  0.0  0.0  0.00014  0.000056  0.87628       0
28  EUR_GBP 2023-05-01 01:57:00+00:00  0.87630  0.87626  0.0  0.0  0.00015  0.000023  0.87630       0
29  EUR_GBP 2023-05-01 01:58:00+00:00  0.87624  0.87628  0.0  0.0  0.00013  0.000070  0.87624       0
30  EUR_GBP 2023-05-01 01:59:00+00:00  0.87617  0.87624  0.0  0.0  0.00014  0.000124  0.87617       0
31  EUR_GBP 2023-05-01 02:00:00+00:00  0.87626  0.87617  0.0  0.0  0.00017  0.000026  0.87626       0
2023-04-30 22:02:02 CandleManager() new candle:last_candle:23-05-01 02:01 is_ready:True
2023-04-30 22:02:03 tech_manager: max_rows:33 candle_time:2023-05-01 02:01:00+00:00 granularity:M1
2023-04-30 22:02:03 process candles:
       PAIR                      time    mid_c    mid_o   SL   TP   SPREAD      GAIN     LOSS  SIGNAL
27  EUR_GBP 2023-05-01 01:57:00+00:00  0.87630  0.87626  0.0  0.0  0.00015  0.000023  0.87630       0
28  EUR_GBP 2023-05-01 01:58:00+00:00  0.87624  0.87628  0.0  0.0  0.00013  0.000070  0.87624       0
29  EUR_GBP 2023-05-01 01:59:00+00:00  0.87617  0.87624  0.0  0.0  0.00014  0.000124  0.87617       0
30  EUR_GBP 2023-05-01 02:00:00+00:00  0.87626  0.87617  0.0  0.0  0.00017  0.000026  0.87626       0
31  EUR_GBP 2023-05-01 02:01:00+00:00  0.87624  0.87626  0.0  0.0  0.00017  0.000040  0.87624       0
