2023-04-30 21:50:31 LogWrapper init() ./logs/GBP_JPY.log
2023-04-30 21:50:31 {'n_ma': 12, 'n_std': 2.5, 'maxspread': 0.04, 'mingain': 0.14, 'riskreward': 1.5}
2023-04-30 21:50:31 CandleManager() init last_candle:last_candle:23-05-01 01:49 is_ready:False
2023-04-30 21:51:02 CandleManager() new candle:last_candle:23-05-01 01:50 is_ready:True
2023-04-30 21:51:02 tech_manager: max_rows:33 candle_time:2023-05-01 01:50:00+00:00 granularity:M1
2023-04-30 21:51:02 process candles:
       PAIR                      time    mid_c    mid_o   SL   TP  SPREAD      GAIN     LOSS  SIGNAL
27  GBP_JPY 2023-05-01 01:46:00+00:00  171.614  171.599  0.0  0.0   0.032  0.019667  171.614       0
28  GBP_JPY 2023-05-01 01:47:00+00:00  171.600  171.616  0.0  0.0   0.037  0.007028  171.600       0
29  GBP_JPY 2023-05-01 01:48:00+00:00  171.571  171.600  0.0  0.0   0.032  0.017917  171.571       0
30  GBP_JPY 2023-05-01 01:49:00+00:00  171.597  171.571  0.0  0.0   0.030  0.011778  171.597       0
31  GBP_JPY 2023-05-01 01:50:00+00:00  171.604  171.599  0.0  0.0   0.037  0.019472  171.604       0
2023-04-30 21:52:04 CandleManager() new candle:last_candle:23-05-01 01:51 is_ready:True
2023-04-30 21:52:04 tech_manager: max_rows:33 candle_time:2023-05-01 01:51:00+00:00 granularity:M1
2023-04-30 21:52:04 process candles:
       PAIR                      time    mid_c    mid_o   SL   TP  SPREAD      GAIN     LOSS  SIGNAL
27  GBP_JPY 2023-05-01 01:47:00+00:00  171.600  171.616  0.0  0.0   0.037  0.007028  171.600       0
28  GBP_JPY 2023-05-01 01:48:00+00:00  171.571  171.600  0.0  0.0   0.032  0.017917  171.571       0
29  GBP_JPY 2023-05-01 01:49:00+00:00  171.597  171.571  0.0  0.0   0.030  0.011778  171.597       0
30  GBP_JPY 2023-05-01 01:50:00+00:00  171.604  171.599  0.0  0.0   0.037  0.019472  171.604       0
31  GBP_JPY 2023-05-01 01:51:00+00:00  171.632  171.610  0.0  0.0   0.032  0.044778  171.632       0
2023-04-30 21:53:06 CandleManager() new candle:last_candle:23-05-01 01:52 is_ready:True
2023-04-30 21:53:06 tech_manager: max_rows:33 candle_time:2023-05-01 01:52:00+00:00 granularity:M1
2023-04-30 21:53:06 process candles:
       PAIR                      time    mid_c    mid_o   SL   TP  SPREAD      GAIN     LOSS  SIGNAL
27  GBP_JPY 2023-05-01 01:48:00+00:00  171.571  171.600  0.0  0.0   0.032  0.017917  171.571       0
28  GBP_JPY 2023-05-01 01:49:00+00:00  171.597  171.571  0.0  0.0   0.030  0.011778  171.597       0
29  GBP_JPY 2023-05-01 01:50:00+00:00  171.604  171.599  0.0  0.0   0.037  0.019472  171.604       0
30  GBP_JPY 2023-05-01 01:51:00+00:00  171.632  171.610  0.0  0.0   0.032  0.044778  171.632       0
31  GBP_JPY 2023-05-01 01:52:00+00:00  171.628  171.630  0.0  0.0   0.035  0.034917  171.628       0
2023-04-30 21:54:08 CandleManager() new candle:last_candle:23-05-01 01:53 is_ready:True
2023-04-30 21:54:08 tech_manager: max_rows:33 candle_time:2023-05-01 01:53:00+00:00 granularity:M1
2023-04-30 21:54:08 process candles:
       PAIR                      time    mid_c    mid_o   SL   TP  SPREAD      GAIN     LOSS  SIGNAL
27  GBP_JPY 2023-05-01 01:49:00+00:00  171.597  171.571  0.0  0.0   0.030  0.011778  171.597       0
28  GBP_JPY 2023-05-01 01:50:00+00:00  171.604  171.599  0.0  0.0   0.037  0.019472  171.604       0
29  GBP_JPY 2023-05-01 01:51:00+00:00  171.632  171.610  0.0  0.0   0.032  0.044778  171.632       0
30  GBP_JPY 2023-05-01 01:52:00+00:00  171.628  171.630  0.0  0.0   0.035  0.034917  171.628       0
31  GBP_JPY 2023-05-01 01:53:00+00:00  171.644  171.628  0.0  0.0   0.035  0.044944  171.644       0
2023-04-30 21:55:10 CandleManager() new candle:last_candle:23-05-01 01:54 is_ready:True
2023-04-30 21:55:10 tech_manager: max_rows:33 candle_time:2023-05-01 01:54:00+00:00 granularity:M1
2023-04-30 21:55:10 process candles:
       PAIR                      time    mid_c    mid_o   SL   TP  SPREAD      GAIN     LOSS  SIGNAL
27  GBP_JPY 2023-05-01 01:50:00+00:00  171.604  171.599  0.0  0.0   0.037  0.019472  171.604       0
28  GBP_JPY 2023-05-01 01:51:00+00:00  171.632  171.610  0.0  0.0   0.032  0.044778  171.632       0
29  GBP_JPY 2023-05-01 01:52:00+00:00  171.628  171.630  0.0  0.0   0.035  0.034917  171.628       0
30  GBP_JPY 2023-05-01 01:53:00+00:00  171.644  171.628  0.0  0.0   0.035  0.044944  171.644       0
31  GBP_JPY 2023-05-01 01:54:00+00:00  171.648  171.642  0.0  0.0   0.032  0.042861  171.648       0
2023-04-30 21:56:01 CandleManager() new candle:last_candle:23-05-01 01:55 is_ready:True
2023-04-30 21:56:01 tech_manager: max_rows:33 candle_time:2023-05-01 01:55:00+00:00 granularity:M1
2023-04-30 21:56:02 process candles:
       PAIR                      time    mid_c    mid_o   SL   TP  SPREAD      GAIN     LOSS  SIGNAL
27  GBP_JPY 2023-05-01 01:51:00+00:00  171.632  171.610  0.0  0.0   0.032  0.044778  171.632       0
28  GBP_JPY 2023-05-01 01:52:00+00:00  171.628  171.630  0.0  0.0   0.035  0.034917  171.628       0
29  GBP_JPY 2023-05-01 01:53:00+00:00  171.644  171.628  0.0  0.0   0.035  0.044944  171.644       0
30  GBP_JPY 2023-05-01 01:54:00+00:00  171.648  171.642  0.0  0.0   0.032  0.042861  171.648       0
31  GBP_JPY 2023-05-01 01:55:00+00:00  171.635  171.648  0.0  0.0   0.034  0.024139  171.635       0
2023-04-30 21:57:03 CandleManager() new candle:last_candle:23-05-01 01:56 is_ready:True
2023-04-30 21:57:03 tech_manager: max_rows:33 candle_time:2023-05-01 01:56:00+00:00 granularity:M1
2023-04-30 21:57:03 process candles:
       PAIR                      time    mid_c    mid_o   SL   TP  SPREAD      GAIN     LOSS  SIGNAL
27  GBP_JPY 2023-05-01 01:52:00+00:00  171.628  171.630  0.0  0.0   0.035  0.034917  171.628       0
28  GBP_JPY 2023-05-01 01:53:00+00:00  171.644  171.628  0.0  0.0   0.035  0.044944  171.644       0
29  GBP_JPY 2023-05-01 01:54:00+00:00  171.648  171.642  0.0  0.0   0.032  0.042861  171.648       0
30  GBP_JPY 2023-05-01 01:55:00+00:00  171.635  171.648  0.0  0.0   0.034  0.024139  171.635       0
31  GBP_JPY 2023-05-01 01:56:00+00:00  171.627  171.636  0.0  0.0   0.036  0.011222  171.627       0
2023-04-30 21:58:05 CandleManager() new candle:last_candle:23-05-01 01:57 is_ready:True
2023-04-30 21:58:05 tech_manager: max_rows:33 candle_time:2023-05-01 01:57:00+00:00 granularity:M1
2023-04-30 21:58:05 process candles:
       PAIR                      time    mid_c    mid_o   SL   TP  SPREAD      GAIN     LOSS  SIGNAL
27  GBP_JPY 2023-05-01 01:53:00+00:00  171.644  171.628  0.0  0.0   0.035  0.044944  171.644       0
28  GBP_JPY 2023-05-01 01:54:00+00:00  171.648  171.642  0.0  0.0   0.032  0.042861  171.648       0
29  GBP_JPY 2023-05-01 01:55:00+00:00  171.635  171.648  0.0  0.0   0.034  0.024139  171.635       0
30  GBP_JPY 2023-05-01 01:56:00+00:00  171.627  171.636  0.0  0.0   0.036  0.011222  171.627       0
31  GBP_JPY 2023-05-01 01:57:00+00:00  171.614  171.628  0.0  0.0   0.035  0.004583  171.614       0
2023-04-30 21:59:07 CandleManager() new candle:last_candle:23-05-01 01:58 is_ready:True
2023-04-30 21:59:07 tech_manager: max_rows:33 candle_time:2023-05-01 01:58:00+00:00 granularity:M1
2023-04-30 21:59:07 process candles:
       PAIR                      time    mid_c    mid_o   SL   TP  SPREAD      GAIN     LOSS  SIGNAL
27  GBP_JPY 2023-05-01 01:54:00+00:00  171.648  171.642  0.0  0.0   0.032  0.042861  171.648       0
28  GBP_JPY 2023-05-01 01:55:00+00:00  171.635  171.648  0.0  0.0   0.034  0.024139  171.635       0
29  GBP_JPY 2023-05-01 01:56:00+00:00  171.627  171.636  0.0  0.0   0.036  0.011222  171.627       0
30  GBP_JPY 2023-05-01 01:57:00+00:00  171.614  171.628  0.0  0.0   0.035  0.004583  171.614       0
31  GBP_JPY 2023-05-01 01:58:00+00:00  171.626  171.616  0.0  0.0   0.034  0.006500  171.626       0
2023-04-30 22:00:09 CandleManager() new candle:last_candle:23-05-01 01:59 is_ready:True
2023-04-30 22:00:09 tech_manager: max_rows:33 candle_time:2023-05-01 01:59:00+00:00 granularity:M1
2023-04-30 22:00:09 process candles:
       PAIR                      time    mid_c    mid_o   SL   TP  SPREAD      GAIN     LOSS  SIGNAL
27  GBP_JPY 2023-05-01 01:55:00+00:00  171.635  171.648  0.0  0.0   0.034  0.024139  171.635       0
28  GBP_JPY 2023-05-01 01:56:00+00:00  171.627  171.636  0.0  0.0   0.036  0.011222  171.627       0
29  GBP_JPY 2023-05-01 01:57:00+00:00  171.614  171.628  0.0  0.0   0.035  0.004583  171.614       0
30  GBP_JPY 2023-05-01 01:58:00+00:00  171.626  171.616  0.0  0.0   0.034  0.006500  171.626       0
31  GBP_JPY 2023-05-01 01:59:00+00:00  171.646  171.626  0.0  0.0   0.032  0.023472  171.646       0
2023-04-30 22:01:11 CandleManager() new candle:last_candle:23-05-01 02:00 is_ready:True
2023-04-30 22:01:11 tech_manager: max_rows:33 candle_time:2023-05-01 02:00:00+00:00 granularity:M1
2023-04-30 22:01:11 process candles:
       PAIR                      time    mid_c    mid_o   SL   TP  SPREAD      GAIN     LOSS  SIGNAL
27  GBP_JPY 2023-05-01 01:56:00+00:00  171.627  171.636  0.0  0.0   0.036  0.011222  171.627       0
28  GBP_JPY 2023-05-01 01:57:00+00:00  171.614  171.628  0.0  0.0   0.035  0.004583  171.614       0
29  GBP_JPY 2023-05-01 01:58:00+00:00  171.626  171.616  0.0  0.0   0.034  0.006500  171.626       0
30  GBP_JPY 2023-05-01 01:59:00+00:00  171.646  171.626  0.0  0.0   0.032  0.023472  171.646       0
31  GBP_JPY 2023-05-01 02:00:00+00:00  171.618  171.645  0.0  0.0   0.029  0.008611  171.618       0
2023-04-30 22:02:02 CandleManager() new candle:last_candle:23-05-01 02:01 is_ready:True
2023-04-30 22:02:02 tech_manager: max_rows:33 candle_time:2023-05-01 02:01:00+00:00 granularity:M1
2023-04-30 22:02:02 process candles:
       PAIR                      time    mid_c    mid_o   SL   TP  SPREAD      GAIN     LOSS  SIGNAL
27  GBP_JPY 2023-05-01 01:57:00+00:00  171.614  171.628  0.0  0.0   0.035  0.004583  171.614       0
28  GBP_JPY 2023-05-01 01:58:00+00:00  171.626  171.616  0.0  0.0   0.034  0.006500  171.626       0
29  GBP_JPY 2023-05-01 01:59:00+00:00  171.646  171.626  0.0  0.0   0.032  0.023472  171.646       0
30  GBP_JPY 2023-05-01 02:00:00+00:00  171.618  171.645  0.0  0.0   0.029  0.008611  171.618       0
31  GBP_JPY 2023-05-01 02:01:00+00:00  171.602  171.616  0.0  0.0   0.033  0.026611  171.602       0
