2023-04-30 21:50:31 LogWrapper init() ./logs/GBP_USD.log
2023-04-30 21:50:31 {'n_ma': 12, 'n_std': 2.5, 'maxspread': 0.0004, 'mingain': 0.0014, 'riskreward': 1.5}
2023-04-30 21:50:31 CandleManager() init last_candle:last_candle:23-05-01 01:49 is_ready:False
2023-04-30 21:51:02 CandleManager() new candle:last_candle:23-05-01 01:50 is_ready:True
2023-04-30 21:51:02 tech_manager: max_rows:33 candle_time:2023-05-01 01:50:00+00:00 granularity:M1
2023-04-30 21:51:02 process candles:
       PAIR                      time    mid_c    mid_o   SL   TP   SPREAD      GAIN     LOSS  SIGNAL
27  GBP_USD 2023-05-01 01:46:00+00:00  1.25579  1.25571  0.0  0.0  0.00018  0.000088  1.25579       0
28  GBP_USD 2023-05-01 01:47:00+00:00  1.25570  1.25582  0.0  0.0  0.00017  0.000161  1.25570       0
29  GBP_USD 2023-05-01 01:48:00+00:00  1.25562  1.25568  0.0  0.0  0.00015  0.000212  1.25562       0
30  GBP_USD 2023-05-01 01:49:00+00:00  1.25562  1.25562  0.0  0.0  0.00018  0.000178  1.25562       0
31  GBP_USD 2023-05-01 01:50:00+00:00  1.25562  1.25560  0.0  0.0  0.00017  0.000152  1.25562       0
2023-04-30 21:52:04 CandleManager() new candle:last_candle:23-05-01 01:51 is_ready:True
2023-04-30 21:52:04 tech_manager: max_rows:33 candle_time:2023-05-01 01:51:00+00:00 granularity:M1
2023-04-30 21:52:04 process candles:
       PAIR                      time    mid_c    mid_o   SL   TP   SPREAD      GAIN     LOSS  SIGNAL
27  GBP_USD 2023-05-01 01:47:00+00:00  1.25570  1.25582  0.0  0.0  0.00017  0.000161  1.25570       0
28  GBP_USD 2023-05-01 01:48:00+00:00  1.25562  1.25568  0.0  0.0  0.00015  0.000212  1.25562       0
29  GBP_USD 2023-05-01 01:49:00+00:00  1.25562  1.25562  0.0  0.0  0.00018  0.000178  1.25562       0
30  GBP_USD 2023-05-01 01:50:00+00:00  1.25562  1.25560  0.0  0.0  0.00017  0.000152  1.25562       0
31  GBP_USD 2023-05-01 01:51:00+00:00  1.25560  1.25561  0.0  0.0  0.00014  0.000144  1.25560       0
2023-04-30 21:53:06 CandleManager() new candle:last_candle:23-05-01 01:52 is_ready:True
2023-04-30 21:53:06 tech_manager: max_rows:33 candle_time:2023-05-01 01:52:00+00:00 granularity:M1
2023-04-30 21:53:06 process candles:
       PAIR                      time    mid_c    mid_o   SL   TP   SPREAD      GAIN     LOSS  SIGNAL
27  GBP_USD 2023-05-01 01:48:00+00:00  1.25562  1.25568  0.0  0.0  0.00015  0.000212  1.25562       0
28  GBP_USD 2023-05-01 01:49:00+00:00  1.25562  1.25562  0.0  0.0  0.00018  0.000178  1.25562       0
29  GBP_USD 2023-05-01 01:50:00+00:00  1.25562  1.25560  0.0  0.0  0.00017  0.000152  1.25562       0
30  GBP_USD 2023-05-01 01:51:00+00:00  1.25560  1.25561  0.0  0.0  0.00014  0.000144  1.25560       0
31  GBP_USD 2023-05-01 01:52:00+00:00  1.25550  1.25560  0.0  0.0  0.00017  0.000210  1.25550       0
2023-04-30 21:54:08 CandleManager() new candle:last_candle:23-05-01 01:53 is_ready:True
2023-04-30 21:54:08 tech_manager: max_rows:33 candle_time:2023-05-01 01:53:00+00:00 granularity:M1
2023-04-30 21:54:08 process candles:
       PAIR                      time    mid_c    mid_o   SL   TP   SPREAD      GAIN     LOSS  SIGNAL
27  GBP_USD 2023-05-01 01:49:00+00:00  1.25562  1.25562  0.0  0.0  0.00018  0.000178  1.25562       0
28  GBP_USD 2023-05-01 01:50:00+00:00  1.25562  1.25560  0.0  0.0  0.00017  0.000152  1.25562       0
29  GBP_USD 2023-05-01 01:51:00+00:00  1.25560  1.25561  0.0  0.0  0.00014  0.000144  1.25560       0
30  GBP_USD 2023-05-01 01:52:00+00:00  1.25550  1.25560  0.0  0.0  0.00017  0.000210  1.25550       0
31  GBP_USD 2023-05-01 01:53:00+00:00  1.25562  1.25551  0.0  0.0  0.00021  0.000056  1.25562       0
2023-04-30 21:55:10 CandleManager() new candle:last_candle:23-05-01 01:54 is_ready:True
2023-04-30 21:55:10 tech_manager: max_rows:33 candle_time:2023-05-01 01:54:00+00:00 granularity:M1
2023-04-30 21:55:10 process candles:
       PAIR                      time    mid_c    mid_o   SL   TP   SPREAD      GAIN     LOSS  SIGNAL
27  GBP_USD 2023-05-01 01:50:00+00:00  1.25562  1.25560  0.0  0.0  0.00017  0.000152  1.25562       0
28  GBP_USD 2023-05-01 01:51:00+00:00  1.25560  1.25561  0.0  0.0  0.00014  0.000144  1.25560       0
29  GBP_USD 2023-05-01 01:52:00+00:00  1.25550  1.25560  0.0  0.0  0.00017  0.000210  1.25550       0
30  GBP_USD 2023-05-01 01:53:00+00:00  1.25562  1.25551  0.0  0.0  0.00021  0.000056  1.25562       0
31  GBP_USD 2023-05-01 01:54:00+00:00  1.25582  1.25560  0.0  0.0  0.00019  0.000160  1.25582       0
2023-04-30 21:56:01 CandleManager() new candle:last_candle:23-05-01 01:55 is_ready:True
2023-04-30 21:56:02 tech_manager: max_rows:33 candle_time:2023-05-01 01:55:00+00:00 granularity:M1
2023-04-30 21:56:02 process candles:
       PAIR                      time    mid_c    mid_o   SL   TP   SPREAD      GAIN     LOSS  SIGNAL
27  GBP_USD 2023-05-01 01:51:00+00:00  1.25560  1.25561  0.0  0.0  0.00014  0.000144  1.25560       0
28  GBP_USD 2023-05-01 01:52:00+00:00  1.25550  1.25560  0.0  0.0  0.00017  0.000210  1.25550       0
29  GBP_USD 2023-05-01 01:53:00+00:00  1.25562  1.25551  0.0  0.0  0.00021  0.000056  1.25562       0
30  GBP_USD 2023-05-01 01:54:00+00:00  1.25582  1.25560  0.0  0.0  0.00019  0.000160  1.25582       0
31  GBP_USD 2023-05-01 01:55:00+00:00  1.25588  1.25585  0.0  0.0  0.00017  0.000214  1.25588       0
2023-04-30 21:57:03 CandleManager() new candle:last_candle:23-05-01 01:56 is_ready:True
2023-04-30 21:57:03 tech_manager: max_rows:33 candle_time:2023-05-01 01:56:00+00:00 granularity:M1
2023-04-30 21:57:03 process candles:
       PAIR                      time    mid_c    mid_o   SL   TP   SPREAD      GAIN     LOSS  SIGNAL
27  GBP_USD 2023-05-01 01:52:00+00:00  1.25550  1.25560  0.0  0.0  0.00017  0.000210  1.25550       0
28  GBP_USD 2023-05-01 01:53:00+00:00  1.25562  1.25551  0.0  0.0  0.00021  0.000056  1.25562       0
29  GBP_USD 2023-05-01 01:54:00+00:00  1.25582  1.25560  0.0  0.0  0.00019  0.000160  1.25582       0
30  GBP_USD 2023-05-01 01:55:00+00:00  1.25588  1.25585  0.0  0.0  0.00017  0.000214  1.25588       0
31  GBP_USD 2023-05-01 01:56:00+00:00  1.25580  1.25588  0.0  0.0  0.00015  0.000122  1.25580       0
2023-04-30 21:58:05 CandleManager() new candle:last_candle:23-05-01 01:57 is_ready:True
2023-04-30 21:58:05 tech_manager: max_rows:33 candle_time:2023-05-01 01:57:00+00:00 granularity:M1
2023-04-30 21:58:05 process candles:
       PAIR                      time    mid_c    mid_o   SL   TP   SPREAD      GAIN     LOSS  SIGNAL
27  GBP_USD 2023-05-01 01:53:00+00:00  1.25562  1.25551  0.0  0.0  0.00021  0.000056  1.25562       0
28  GBP_USD 2023-05-01 01:54:00+00:00  1.25582  1.25560  0.0  0.0  0.00019  0.000160  1.25582       0
29  GBP_USD 2023-05-01 01:55:00+00:00  1.25588  1.25585  0.0  0.0  0.00017  0.000214  1.25588       0
30  GBP_USD 2023-05-01 01:56:00+00:00  1.25580  1.25588  0.0  0.0  0.00015  0.000122  1.25580       0
31  GBP_USD 2023-05-01 01:57:00+00:00  1.25582  1.25579  0.0  0.0  0.00013  0.000132  1.25582       0
2023-04-30 21:59:07 CandleManager() new candle:last_candle:23-05-01 01:58 is_ready:True
2023-04-30 21:59:07 tech_manager: max_rows:33 candle_time:2023-05-01 01:58:00+00:00 granularity:M1
2023-04-30 21:59:07 process candles:
       PAIR                      time    mid_c    mid_o   SL   TP   SPREAD      GAIN     LOSS  SIGNAL
27  GBP_USD 2023-05-01 01:54:00+00:00  1.25582  1.25560  0.0  0.0  0.00019  0.000160  1.25582       0
28  GBP_USD 2023-05-01 01:55:00+00:00  1.25588  1.25585  0.0  0.0  0.00017  0.000214  1.25588       0
29  GBP_USD 2023-05-01 01:56:00+00:00  1.25580  1.25588  0.0  0.0  0.00015  0.000122  1.25580       0
30  GBP_USD 2023-05-01 01:57:00+00:00  1.25582  1.25579  0.0  0.0  0.00013  0.000132  1.25582       0
31  GBP_USD 2023-05-01 01:58:00+00:00  1.25590  1.25581  0.0  0.0  0.00019  0.000203  1.25590       0
2023-04-30 22:00:09 CandleManager() new candle:last_candle:23-05-01 01:59 is_ready:True
2023-04-30 22:00:09 tech_manager: max_rows:33 candle_time:2023-05-01 01:59:00+00:00 granularity:M1
2023-04-30 22:00:09 process candles:
       PAIR                      time    mid_c    mid_o   SL   TP   SPREAD      GAIN     LOSS  SIGNAL
27  GBP_USD 2023-05-01 01:55:00+00:00  1.25588  1.25585  0.0  0.0  0.00017  0.000214  1.25588       0
28  GBP_USD 2023-05-01 01:56:00+00:00  1.25580  1.25588  0.0  0.0  0.00015  0.000122  1.25580       0
29  GBP_USD 2023-05-01 01:57:00+00:00  1.25582  1.25579  0.0  0.0  0.00013  0.000132  1.25582       0
30  GBP_USD 2023-05-01 01:58:00+00:00  1.25590  1.25581  0.0  0.0  0.00019  0.000203  1.25590       0
31  GBP_USD 2023-05-01 01:59:00+00:00  1.25592  1.25590  0.0  0.0  0.00014  0.000207  1.25592       0
2023-04-30 22:01:11 CandleManager() new candle:last_candle:23-05-01 02:00 is_ready:True
2023-04-30 22:01:11 tech_manager: max_rows:33 candle_time:2023-05-01 02:00:00+00:00 granularity:M1
2023-04-30 22:01:11 process candles:
       PAIR                      time    mid_c    mid_o   SL   TP   SPREAD      GAIN     LOSS  SIGNAL
27  GBP_USD 2023-05-01 01:56:00+00:00  1.25580  1.25588  0.0  0.0  0.00015  0.000122  1.25580       0
28  GBP_USD 2023-05-01 01:57:00+00:00  1.25582  1.25579  0.0  0.0  0.00013  0.000132  1.25582       0
29  GBP_USD 2023-05-01 01:58:00+00:00  1.25590  1.25581  0.0  0.0  0.00019  0.000203  1.25590       0
30  GBP_USD 2023-05-01 01:59:00+00:00  1.25592  1.25590  0.0  0.0  0.00014  0.000207  1.25592       0
31  GBP_USD 2023-05-01 02:00:00+00:00  1.25580  1.25590  0.0  0.0  0.00015  0.000071  1.25580       0
2023-04-30 22:02:02 CandleManager() new candle:last_candle:23-05-01 02:01 is_ready:True
2023-04-30 22:02:02 tech_manager: max_rows:33 candle_time:2023-05-01 02:01:00+00:00 granularity:M1
2023-04-30 22:02:03 process candles:
       PAIR                      time    mid_c    mid_o   SL   TP   SPREAD      GAIN     LOSS  SIGNAL
27  GBP_USD 2023-05-01 01:57:00+00:00  1.25582  1.25579  0.0  0.0  0.00013  0.000132  1.25582       0
28  GBP_USD 2023-05-01 01:58:00+00:00  1.25590  1.25581  0.0  0.0  0.00019  0.000203  1.25590       0
29  GBP_USD 2023-05-01 01:59:00+00:00  1.25592  1.25590  0.0  0.0  0.00014  0.000207  1.25592       0
30  GBP_USD 2023-05-01 02:00:00+00:00  1.25580  1.25590  0.0  0.0  0.00015  0.000071  1.25580       0
31  GBP_USD 2023-05-01 02:01:00+00:00  1.25569  1.25580  0.0  0.0  0.00018  0.000051  1.25569       0
