2023-04-30 21:50:31 LogWrapper init() ./logs/GBP_CHF.log
2023-04-30 21:50:31 {'n_ma': 12, 'n_std': 2.5, 'maxspread': 0.0004, 'mingain': 0.0014, 'riskreward': 1.5}
2023-04-30 21:50:31 CandleManager() init last_candle:last_candle:23-05-01 01:49 is_ready:False
2023-04-30 21:51:02 CandleManager() new candle:last_candle:23-05-01 01:50 is_ready:True
2023-04-30 21:51:02 tech_manager: max_rows:33 candle_time:2023-05-01 01:50:00+00:00 granularity:M1
2023-04-30 21:51:02 process candles:
       PAIR                      time    mid_c    mid_o   SL   TP   SPREAD      GAIN     LOSS  SIGNAL
27  GBP_CHF 2023-05-01 01:46:00+00:00  1.12380  1.12380  0.0  0.0  0.00025  0.000051  1.12380       0
28  GBP_CHF 2023-05-01 01:47:00+00:00  1.12383  1.12380  0.0  0.0  0.00024  0.000087  1.12383       0
29  GBP_CHF 2023-05-01 01:48:00+00:00  1.12376  1.12380  0.0  0.0  0.00022  0.000021  1.12376       0
30  GBP_CHF 2023-05-01 01:49:00+00:00  1.12376  1.12376  0.0  0.0  0.00021  0.000024  1.12376       0
31  GBP_CHF 2023-05-01 01:50:00+00:00  1.12380  1.12382  0.0  0.0  0.00022  0.000061  1.12380       0
2023-04-30 21:52:14 CandleManager() new candle:last_candle:23-05-01 01:51 is_ready:True
2023-04-30 21:52:14 tech_manager: max_rows:33 candle_time:2023-05-01 01:51:00+00:00 granularity:M1
2023-04-30 21:52:14 process candles:
       PAIR                      time    mid_c    mid_o   SL   TP   SPREAD      GAIN     LOSS  SIGNAL
27  GBP_CHF 2023-05-01 01:47:00+00:00  1.12383  1.12380  0.0  0.0  0.00024  0.000087  1.12383       0
28  GBP_CHF 2023-05-01 01:48:00+00:00  1.12376  1.12380  0.0  0.0  0.00022  0.000021  1.12376       0
29  GBP_CHF 2023-05-01 01:49:00+00:00  1.12376  1.12376  0.0  0.0  0.00021  0.000024  1.12376       0
30  GBP_CHF 2023-05-01 01:50:00+00:00  1.12380  1.12382  0.0  0.0  0.00022  0.000061  1.12380       0
31  GBP_CHF 2023-05-01 01:51:00+00:00  1.12377  1.12376  0.0  0.0  0.00020  0.000026  1.12377       0
2023-04-30 21:53:06 CandleManager() new candle:last_candle:23-05-01 01:52 is_ready:True
2023-04-30 21:53:06 tech_manager: max_rows:33 candle_time:2023-05-01 01:52:00+00:00 granularity:M1
2023-04-30 21:53:06 process candles:
       PAIR                      time    mid_c    mid_o   SL   TP   SPREAD      GAIN     LOSS  SIGNAL
28  GBP_CHF 2023-05-01 01:48:00+00:00  1.12376  1.12380  0.0  0.0  0.00022  0.000021  1.12376       0
29  GBP_CHF 2023-05-01 01:49:00+00:00  1.12376  1.12376  0.0  0.0  0.00021  0.000024  1.12376       0
30  GBP_CHF 2023-05-01 01:50:00+00:00  1.12380  1.12382  0.0  0.0  0.00022  0.000061  1.12380       0
31  GBP_CHF 2023-05-01 01:51:00+00:00  1.12377  1.12376  0.0  0.0  0.00020  0.000026  1.12377       0
32  GBP_CHF 2023-05-01 01:52:00+00:00  1.12372  1.12376  0.0  0.0  0.00020  0.000026  1.12372       0
2023-04-30 21:54:08 CandleManager() new candle:last_candle:23-05-01 01:53 is_ready:True
2023-04-30 21:54:08 tech_manager: max_rows:33 candle_time:2023-05-01 01:53:00+00:00 granularity:M1
2023-04-30 21:54:08 process candles:
       PAIR                      time    mid_c    mid_o   SL   TP   SPREAD      GAIN     LOSS  SIGNAL
27  GBP_CHF 2023-05-01 01:49:00+00:00  1.12376  1.12376  0.0  0.0  0.00021  0.000024  1.12376       0
28  GBP_CHF 2023-05-01 01:50:00+00:00  1.12380  1.12382  0.0  0.0  0.00022  0.000061  1.12380       0
29  GBP_CHF 2023-05-01 01:51:00+00:00  1.12377  1.12376  0.0  0.0  0.00020  0.000026  1.12377       0
30  GBP_CHF 2023-05-01 01:52:00+00:00  1.12372  1.12376  0.0  0.0  0.00020  0.000026  1.12372       0
31  GBP_CHF 2023-05-01 01:53:00+00:00  1.12380  1.12370  0.0  0.0  0.00022  0.000047  1.12380       0
2023-04-30 21:55:10 CandleManager() new candle:last_candle:23-05-01 01:54 is_ready:True
2023-04-30 21:55:10 tech_manager: max_rows:33 candle_time:2023-05-01 01:54:00+00:00 granularity:M1
2023-04-30 21:55:10 process candles:
       PAIR                      time    mid_c    mid_o   SL   TP   SPREAD      GAIN     LOSS  SIGNAL
27  GBP_CHF 2023-05-01 01:50:00+00:00  1.12380  1.12382  0.0  0.0  0.00022  0.000061  1.12380       0
28  GBP_CHF 2023-05-01 01:51:00+00:00  1.12377  1.12376  0.0  0.0  0.00020  0.000026  1.12377       0
29  GBP_CHF 2023-05-01 01:52:00+00:00  1.12372  1.12376  0.0  0.0  0.00020  0.000026  1.12372       0
30  GBP_CHF 2023-05-01 01:53:00+00:00  1.12380  1.12370  0.0  0.0  0.00022  0.000047  1.12380       0
31  GBP_CHF 2023-05-01 01:54:00+00:00  1.12396  1.12376  0.0  0.0  0.00020  0.000189  1.12396       0
2023-04-30 21:56:12 CandleManager() new candle:last_candle:23-05-01 01:55 is_ready:True
2023-04-30 21:56:12 tech_manager: max_rows:33 candle_time:2023-05-01 01:55:00+00:00 granularity:M1
2023-04-30 21:56:12 process candles:
       PAIR                      time    mid_c    mid_o   SL   TP   SPREAD      GAIN     LOSS  SIGNAL
27  GBP_CHF 2023-05-01 01:51:00+00:00  1.12377  1.12376  0.0  0.0  0.00020  0.000026  1.12377       0
28  GBP_CHF 2023-05-01 01:52:00+00:00  1.12372  1.12376  0.0  0.0  0.00020  0.000026  1.12372       0
29  GBP_CHF 2023-05-01 01:53:00+00:00  1.12380  1.12370  0.0  0.0  0.00022  0.000047  1.12380       0
30  GBP_CHF 2023-05-01 01:54:00+00:00  1.12396  1.12376  0.0  0.0  0.00020  0.000189  1.12396       0
31  GBP_CHF 2023-05-01 01:55:00+00:00  1.12391  1.12392  0.0  0.0  0.00020  0.000118  1.12391       0
2023-04-30 21:57:14 CandleManager() new candle:last_candle:23-05-01 01:56 is_ready:True
2023-04-30 21:57:14 tech_manager: max_rows:33 candle_time:2023-05-01 01:56:00+00:00 granularity:M1
2023-04-30 21:57:14 process candles:
       PAIR                      time    mid_c    mid_o   SL   TP   SPREAD      GAIN     LOSS  SIGNAL
27  GBP_CHF 2023-05-01 01:52:00+00:00  1.12372  1.12376  0.0  0.0  0.00020  0.000026  1.12372       0
28  GBP_CHF 2023-05-01 01:53:00+00:00  1.12380  1.12370  0.0  0.0  0.00022  0.000047  1.12380       0
29  GBP_CHF 2023-05-01 01:54:00+00:00  1.12396  1.12376  0.0  0.0  0.00020  0.000189  1.12396       0
30  GBP_CHF 2023-05-01 01:55:00+00:00  1.12391  1.12392  0.0  0.0  0.00020  0.000118  1.12391       0
31  GBP_CHF 2023-05-01 01:56:00+00:00  1.12382  1.12396  0.0  0.0  0.00019  0.000018  1.12382       0
2023-04-30 21:58:05 CandleManager() new candle:last_candle:23-05-01 01:57 is_ready:True
2023-04-30 21:58:05 tech_manager: max_rows:33 candle_time:2023-05-01 01:57:00+00:00 granularity:M1
2023-04-30 21:58:05 process candles:
       PAIR                      time    mid_c    mid_o   SL   TP   SPREAD      GAIN     LOSS  SIGNAL
28  GBP_CHF 2023-05-01 01:53:00+00:00  1.12380  1.12370  0.0  0.0  0.00022  0.000047  1.12380       0
29  GBP_CHF 2023-05-01 01:54:00+00:00  1.12396  1.12376  0.0  0.0  0.00020  0.000189  1.12396       0
30  GBP_CHF 2023-05-01 01:55:00+00:00  1.12391  1.12392  0.0  0.0  0.00020  0.000118  1.12391       0
31  GBP_CHF 2023-05-01 01:56:00+00:00  1.12382  1.12396  0.0  0.0  0.00019  0.000018  1.12382       0
32  GBP_CHF 2023-05-01 01:57:00+00:00  1.12379  1.12382  0.0  0.0  0.00022  0.000016  1.12379       0
2023-04-30 21:59:07 CandleManager() new candle:last_candle:23-05-01 01:58 is_ready:True
2023-04-30 21:59:07 tech_manager: max_rows:33 candle_time:2023-05-01 01:58:00+00:00 granularity:M1
2023-04-30 21:59:07 process candles:
       PAIR                      time    mid_c    mid_o   SL   TP   SPREAD      GAIN     LOSS  SIGNAL
28  GBP_CHF 2023-05-01 01:54:00+00:00  1.12396  1.12376  0.0  0.0  0.00020  0.000189  1.12396       0
29  GBP_CHF 2023-05-01 01:55:00+00:00  1.12391  1.12392  0.0  0.0  0.00020  0.000118  1.12391       0
30  GBP_CHF 2023-05-01 01:56:00+00:00  1.12382  1.12396  0.0  0.0  0.00019  0.000018  1.12382       0
31  GBP_CHF 2023-05-01 01:57:00+00:00  1.12379  1.12382  0.0  0.0  0.00022  0.000016  1.12379       0
32  GBP_CHF 2023-05-01 01:58:00+00:00  1.12384  1.12379  0.0  0.0  0.00020  0.000033  1.12384       0
2023-04-30 22:00:09 CandleManager() new candle:last_candle:23-05-01 01:59 is_ready:True
2023-04-30 22:00:09 tech_manager: max_rows:33 candle_time:2023-05-01 01:59:00+00:00 granularity:M1
2023-04-30 22:00:09 process candles:
       PAIR                      time    mid_c    mid_o   SL   TP   SPREAD      GAIN     LOSS  SIGNAL
27  GBP_CHF 2023-05-01 01:55:00+00:00  1.12391  1.12392  0.0  0.0  0.00020  0.000118  1.12391       0
28  GBP_CHF 2023-05-01 01:56:00+00:00  1.12382  1.12396  0.0  0.0  0.00019  0.000018  1.12382       0
29  GBP_CHF 2023-05-01 01:57:00+00:00  1.12379  1.12382  0.0  0.0  0.00022  0.000016  1.12379       0
30  GBP_CHF 2023-05-01 01:58:00+00:00  1.12384  1.12379  0.0  0.0  0.00020  0.000033  1.12384       0
31  GBP_CHF 2023-05-01 01:59:00+00:00  1.12388  1.12388  0.0  0.0  0.00021  0.000065  1.12388       0
2023-04-30 22:01:11 CandleManager() new candle:last_candle:23-05-01 02:00 is_ready:True
2023-04-30 22:01:11 tech_manager: max_rows:33 candle_time:2023-05-01 02:00:00+00:00 granularity:M1
2023-04-30 22:01:11 process candles:
       PAIR                      time    mid_c    mid_o   SL   TP   SPREAD      GAIN     LOSS  SIGNAL
27  GBP_CHF 2023-05-01 01:56:00+00:00  1.12382  1.12396  0.0  0.0  0.00019  0.000018  1.12382       0
28  GBP_CHF 2023-05-01 01:57:00+00:00  1.12379  1.12382  0.0  0.0  0.00022  0.000016  1.12379       0
29  GBP_CHF 2023-05-01 01:58:00+00:00  1.12384  1.12379  0.0  0.0  0.00020  0.000033  1.12384       0
30  GBP_CHF 2023-05-01 01:59:00+00:00  1.12388  1.12388  0.0  0.0  0.00021  0.000065  1.12388       0
31  GBP_CHF 2023-05-01 02:00:00+00:00  1.12378  1.12390  0.0  0.0  0.00022  0.000038  1.12378       0
2023-04-30 22:02:13 CandleManager() new candle:last_candle:23-05-01 02:01 is_ready:True
2023-04-30 22:02:13 tech_manager: max_rows:33 candle_time:2023-05-01 02:01:00+00:00 granularity:M1
2023-04-30 22:02:13 process candles:
       PAIR                      time    mid_c    mid_o   SL   TP   SPREAD      GAIN     LOSS  SIGNAL
27  GBP_CHF 2023-05-01 01:57:00+00:00  1.12379  1.12382  0.0  0.0  0.00022  0.000016  1.12379       0
28  GBP_CHF 2023-05-01 01:58:00+00:00  1.12384  1.12379  0.0  0.0  0.00020  0.000033  1.12384       0
29  GBP_CHF 2023-05-01 01:59:00+00:00  1.12388  1.12388  0.0  0.0  0.00021  0.000065  1.12388       0
30  GBP_CHF 2023-05-01 02:00:00+00:00  1.12378  1.12390  0.0  0.0  0.00022  0.000038  1.12378       0
31  GBP_CHF 2023-05-01 02:01:00+00:00  1.12376  1.12379  0.0  0.0  0.00021  0.000059  1.12376       0
